<?xml version="1.0" encoding="UTF-8"?>
<!-- Generated by org.testng.reporters.JUnitXMLReporter -->
<testsuite ignored="0" hostname="DESKTOP-KA91B3B" failures="0" tests="1" name="OrangeHRM MyInfo Module Test" time="0.435" errors="0" timestamp="2021-03-17T13:03:10 BDT">
  <testcase classname="com.OrangeHRM.testCases.BaseClass" name="@BeforeClass setUp" time="0.076">
    <failure type="java.lang.NullPointerException">
      <![CDATA[java.lang.NullPointerException
at java.base/java.util.concurrent.ConcurrentHashMap.putVal(ConcurrentHashMap.java:1011)
at java.base/java.util.concurrent.ConcurrentHashMap.put(ConcurrentHashMap.java:1006)
at java.base/java.util.Properties.put(Properties.java:1334)
at java.base/java.util.Properties.setProperty(Properties.java:229)
at java.base/java.lang.System.setProperty(System.java:915)
at com.OrangeHRM.testCases.BaseClass.setUp(BaseClass.java:42)
at java.base/java.util.ArrayList.forEach(ArrayList.java:1511)
... Removed 25 stack frames]]>
    </failure>
  </testcase> <!-- @BeforeClass setUp -->
  <testcase classname="com.OrangeHRM.testCases.BaseClass" name="@AfterClass tearDown" time="-1.615964590521E9">
    <skipped/>
  </testcase> <!-- @AfterClass tearDown -->
  <testcase classname="com.OrangeHRM.testCases.TC_MI_001" name="LoginWithValidInfo" time="0.0">
    <skipped/>
  </testcase> <!-- LoginWithValidInfo -->
</testsuite> <!-- OrangeHRM MyInfo Module Test -->
