<?xml version="1.0" encoding="UTF-8"?>
<testng-results ignored="0" total="1" passed="1" failed="0" skipped="0">
  <reporter-output>
  </reporter-output>
  <suite started-at="2021-03-21T23:30:35 BDT" name="OrangeHRM-MyInfo" finished-at="2021-03-21T23:31:02 BDT" duration-ms="27070">
    <groups>
    </groups>
    <test started-at="2021-03-21T23:30:35 BDT" name="OrangeHRM MyInfo Module Test" finished-at="2021-03-21T23:31:02 BDT" duration-ms="27070">
      <class name="com.OrangeHRM.testCases.TC_MI_006">
        <test-method is-config="true" signature="setUp(java.lang.String)[pri:0, instance:com.OrangeHRM.testCases.TC_MI_006@65466a6a]" started-at="2021-03-21T23:30:36 BDT" name="setUp" finished-at="2021-03-21T23:30:46 BDT" duration-ms="10403" status="PASS">
          <params>
            <param index="0">
              <value>
                <![CDATA[chrome]]>
              </value>
            </param>
          </params>
          <reporter-output>
          </reporter-output>
        </test-method> <!-- setUp -->
        <test-method signature="editPersonalDetails()[pri:1, instance:com.OrangeHRM.testCases.TC_MI_006@65466a6a]" started-at="2021-03-21T23:30:46 BDT" name="editPersonalDetails" finished-at="2021-03-21T23:31:01 BDT" duration-ms="15339" status="PASS">
          <reporter-output>
          </reporter-output>
        </test-method> <!-- editPersonalDetails -->
        <test-method is-config="true" signature="tearDown()[pri:0, instance:com.OrangeHRM.testCases.TC_MI_006@65466a6a]" started-at="2021-03-21T23:31:01 BDT" name="tearDown" finished-at="2021-03-21T23:31:02 BDT" duration-ms="937" status="PASS">
          <reporter-output>
          </reporter-output>
        </test-method> <!-- tearDown -->
      </class> <!-- com.OrangeHRM.testCases.TC_MI_006 -->
    </test> <!-- OrangeHRM MyInfo Module Test -->
  </suite> <!-- OrangeHRM-MyInfo -->
</testng-results>
